<?xml version="1.0" encoding="UTF-8"?>
<!-- Generated by org.testng.reporters.JUnitReportReporter -->
<testsuite hostname="LAPTOP-MPGEL5L5" failures="0" tests="5" name="com.mycompany.StudentNGTest" time="0.014" errors="0" timestamp="5 Mar 2025 01:49:50 GMT">
  <testcase classname="com.mycompany.StudentNGTest" name="testGetStudentId" time="0.001"/>
  <testcase classname="com.mycompany.StudentNGTest" name="testGetAge" time="0.010"/>
  <testcase classname="com.mycompany.StudentNGTest" name="testSetAge" time="0.002"/>
  <testcase classname="com.mycompany.StudentNGTest" name="testGetName" time="0.000"/>
  <testcase classname="com.mycompany.StudentNGTest" name="testUpdateName" time="0.001"/>
</testsuite> <!-- com.mycompany.StudentNGTest -->
